<?xml version="1.0" encoding="UTF-8"?>
<!-- Generated by org.testng.reporters.JUnitXMLReporter -->
<testsuite hostname="DESKTOP-OGQ3IB6" ignored="2" name="Testing TestNG" tests="2" failures="0" timestamp="2022-08-01T18:08:44 BDT" time="50.09" errors="0">
  <testcase name="login" time="26.1" classname="testcase.TC002_Login"/>
  <testcase name="homepage" time="23.925" classname="testcase.TC003_HomePage"/>
  <testcase name="@AfterSuite teardown" time="0.0" classname="base.Driver">
    <ignored/>
  </testcase> <!-- @AfterSuite teardown -->
  <testcase name="@BeforeSuite setup" time="0.0" classname="base.Driver">
    <ignored/>
  </testcase> <!-- @BeforeSuite setup -->
</testsuite> <!-- Testing TestNG -->
