<?xml version="1.0" encoding="UTF-8"?>
<!-- Generated by org.testng.reporters.JUnitXMLReporter -->
<testsuite hostname="DESKTOP-OGQ3IB6" ignored="4" name="Testing TestNG" tests="3" failures="0" timestamp="2022-08-07T11:03:26 BDT" time="213.736" errors="0">
  <testcase name="login" time="132.747" classname="testcase.TC002_Login"/>
  <testcase name="homepage" time="24.295" classname="testcase.TC003_HomePage"/>
  <testcase name="completeaorder" time="56.627" classname="testcase.TC004_CompleteOrder"/>
  <testcase name="@BeforeSuite setup" time="0.0" classname="base.Driver">
    <ignored/>
  </testcase> <!-- @BeforeSuite setup -->
  <testcase name="@AfterSuite teardown" time="0.0" classname="base.Driver">
    <ignored/>
  </testcase> <!-- @AfterSuite teardown -->
  <testcase name="@AfterSuite teardown" time="0.0" classname="base.Driver">
    <ignored/>
  </testcase> <!-- @AfterSuite teardown -->
  <testcase name="@BeforeSuite setup" time="0.0" classname="base.Driver">
    <ignored/>
  </testcase> <!-- @BeforeSuite setup -->
</testsuite> <!-- Testing TestNG -->
