<?xml version="1.0" encoding="UTF-8"?>
<!-- Generated by org.testng.reporters.JUnitXMLReporter -->
<testsuite hostname="DESKTOP-OGQ3IB6" ignored="2" name="testng Annotation" tests="1" failures="0" timestamp="2022-08-01T17:46:49 BDT" time="29.787" errors="0">
  <testcase name="login" time="29.705" classname="testcase.TC002_Login"/>
  <testcase name="@AfterSuite teardown" time="0.0" classname="base.Driver">
    <ignored/>
  </testcase> <!-- @AfterSuite teardown -->
  <testcase name="@BeforeSuite setup" time="0.0" classname="base.Driver">
    <ignored/>
  </testcase> <!-- @BeforeSuite setup -->
</testsuite> <!-- testng Annotation -->
